[dotenv@17.2.3] injecting env (52) from .env -- tip: 🛠️  run anywhere with `dotenvx run -- yourcommand`
[dotenv@17.2.3] injecting env (0) from .env -- tip: 🔐 prevent committing .env to code: https://dotenvx.com/precommit
Server running on port 3000
[WhatsApp] Initialization error: Navigating frame was detached
[WhatsApp] Reconnecting in 30s... (attempt 1)
[WhatsApp] Initialization error: Navigating frame was detached
[WhatsApp] Reconnecting in 60s... (attempt 2)
[WhatsApp] Initialization error: Navigating frame was detached
[WhatsApp] Reconnecting in 90s... (attempt 3)
[WhatsApp] Initialization error: Navigating frame was detached
[WhatsApp] Reconnecting in 120s... (attempt 4)
[WhatsApp] Initialization error: Navigating frame was detached
[WhatsApp] Reconnecting in 150s... (attempt 5)
[WhatsApp] Initialization error: Navigating frame was detached
[WhatsApp] Reconnecting in 180s... (attempt 6)
[WhatsApp] Initialization error: Navigating frame was detached
[WhatsApp] Reconnecting in 210s... (attempt 7)
[WhatsApp] Initialization error: Navigating frame was detached
[WhatsApp] Reconnecting in 240s... (attempt 8)
[WhatsApp] Initialization error: Navigating frame was detached
[WhatsApp] Reconnecting in 270s... (attempt 9)
[WhatsApp] Initialization error: Navigating frame was detached
[WhatsApp] Reconnecting in 300s... (attempt 10)
[WhatsApp] Initialization error: Navigating frame was detached
[WhatsApp] Reconnecting in 300s... (attempt 11)
[WhatsApp] Initialization error: Navigating frame was detached
[WhatsApp] Reconnecting in 300s... (attempt 12)
[WhatsApp] Initialization error: Navigating frame was detached
[WhatsApp] Reconnecting in 300s... (attempt 13)
[WhatsApp] Initialization error: Navigating frame was detached
[WhatsApp] Reconnecting in 300s... (attempt 14)
[WhatsApp] Initialization error: Navigating frame was detached
[WhatsApp] Reconnecting in 300s... (attempt 15)
[WhatsApp] Initialization error: Navigating frame was detached
[WhatsApp] Reconnecting in 300s... (attempt 16)
[WhatsApp] Initialization error: Navigating frame was detached
[WhatsApp] Reconnecting in 300s... (attempt 17)
